<html>
<head>
<title>TestNG:  Default test</title>
<link href="../testng.css" rel="stylesheet" type="text/css" />
<link href="../my-testng.css" rel="stylesheet" type="text/css" />

<style type="text/css">
.log { display: none;} 
.stack-trace { display: none;} 
</style>
<script type="text/javascript">
<!--
function flip(e) {
  current = e.style.display;
  if (current == 'block') {
    e.style.display = 'none';
    return 0;
  }
  else {
    e.style.display = 'block';
    return 1;
  }
}

function toggleBox(szDivId, elem, msg1, msg2)
{
  var res = -1;  if (document.getElementById) {
    res = flip(document.getElementById(szDivId));
  }
  else if (document.all) {
    // this is the way old msie versions work
    res = flip(document.all[szDivId]);
  }
  if(elem) {
    if(res == 0) elem.innerHTML = msg1; else elem.innerHTML = msg2;
  }

}

function toggleAllBoxes() {
  if (document.getElementsByTagName) {
    d = document.getElementsByTagName('div');
    for (i = 0; i < d.length; i++) {
      if (d[i].className == 'log') {
        flip(d[i]);
      }
    }
  }
}

// -->
</script>

</head>
<body>
<h2 align='center'>Default test</h2><table border='1' align="center">
<tr>
<td>Tests passed/Failed/Skipped:</td><td>4/1/0</td>
</tr><tr>
<td>Started on:</td><td>Wed Apr 26 18:00:52 IST 2023</td>
</tr>
<tr><td>Total time:</td><td>282 seconds (282039 ms)</td>
</tr><tr>
<td>Included groups:</td><td></td>
</tr><tr>
<td>Excluded groups:</td><td></td>
</tr>
</table><p/>
<small><i>(Hover the method name to see the test class name)</i></small><p/>
<table width='100%' border='1' class='invocation-failed'>
<tr><td colspan='4' align='center'><b>FAILED TESTS</b></td></tr>
<tr><td><b>Test method</b></td>
<td><b>Attribute(s)</b></td>
<td width="30%"><b>Exception</b></td>
<td width="10%"><b>Time (seconds)</b></td>
<td><b>Instance</b></td>
</tr>
<tr>
<td title='testrunnermarathonfour.Testrunnerclassmarathofour.runScenario()'><b>runScenario</b><br>Test class: testrunnermarathonfour.Testrunnerclassmarathofour<br>Test method: Runs Cucumber Scenarios<br>Parameters: "Creating New Individuals", "Create Individuals in Salesfore Application"</td>
<td><div><pre>org.openqa.selenium.WebDriverException: unknown error: cannot determine loading status
from no such window
  (Session info: chrome=112.0.5615.138)
Build info: version: &apos;4.8.2&apos;, revision: &apos;826dbfc730&apos;
System info: os.name: &apos;Windows 10&apos;, os.arch: &apos;amd64&apos;, os.version: &apos;10.0&apos;, java.version: &apos;11.0.17&apos;
Driver info: org.openqa.selenium.chrome.ChromeDriver
Command: [2a096c4e65149d0593440e62de15292e, clickElement {id=6759d66c-1d2b-4c91-b9b8-259ca0a8b5e8}]
Capabilities {acceptInsecureCerts: false, browserName: chrome, browserVersion: 112.0.5615.138, chrome: {chromedriverVersion: 112.0.5615.49 (bd2a7bcb881c..., userDataDir: C:\Users\TM317US\AppData\Lo...}, goog:chromeOptions: {debuggerAddress: localhost:62698}, networkConnectionEnabled: false, pageLoadStrategy: normal, platformName: WINDOWS, proxy: Proxy(), se:cdp: ws://localhost:62698/devtoo..., se:cdpVersion: 112.0.5615.138, setWindowRect: true, strictFileInteractability: false, timeouts: {implicit: 0, pageLoad: 300000, script: 30000}, unhandledPromptBehavior: dismiss and notify, webauthn:extension:credBlob: true, webauthn:extension:largeBlob: true, webauthn:extension:minPinLength: true, webauthn:extension:prf: true, webauthn:virtualAuthenticators: true}
Element: [[ChromeDriver: chrome on WINDOWS (2a096c4e65149d0593440e62de15292e)] -&gt; id: Login]
Session ID: 2a096c4e65149d0593440e62de15292e
	at java.base/jdk.internal.reflect.NativeConstructorAccessorImpl.newInstance0(Native Method)
	at java.base/jdk.internal.reflect.NativeConstructorAccessorImpl.newInstance(NativeConstructorAccessorImpl.java:62)
	at java.base/jdk.internal.reflect.DelegatingConstructorAccessorImpl.newInstance(DelegatingConstructorAccessorImpl.java:45)
	at java.base/java.lang.reflect.Constructor.newInstance(Constructor.java:490)
	at org.openqa.selenium.remote.codec.w3c.W3CHttpResponseCodec.createException(W3CHttpResponseCodec.java:200)
	at org.openqa.selenium.remote.codec.w3c.W3CHttpResponseCodec.decode(W3CHttpResponseCodec.java:133)
	at org.openqa.selenium.remote.codec.w3c.W3CHttpResponseCodec.decode(W3CHttpResponseCodec.java:53)
	at org.openqa.selenium.remote.HttpCommandExecutor.execute(HttpCommandExecutor.java:193)
	at org.openqa.selenium.remote.service.DriverCommandExecutor.invokeExecute(DriverCommandExecutor.java:183)
	at org.openqa.selenium.remote.service.DriverCommandExecutor.execute(DriverCommandExecutor.java:158)
	at org.openqa.selenium.remote.RemoteWebDriver.execute(RemoteWebDriver.java:543)
	at org.openqa.selenium.remote.RemoteWebElement.execute(RemoteWebElement.java:257)
	at org.openqa.selenium.remote.RemoteWebElement.click(RemoteWebElement.java:78)
	at stepDefinitionsmarathonfour.CreateIndisteps.click_login_button(CreateIndisteps.java:31)
	at ✽.Click LoginButton(file:///C:/Users/TM317US/OneDrive%20-%20EY/Desktop/NewWSpace/FinalMarathon/src/main/java/marathonfourFeatures/TC001_CreateIndividuals.feature:7)
</pre></div><a href='#' onClick='toggleBox("stack-trace693434027", this, "Click to show all stack frames", "Click to hide stack frames")'>Click to show all stack frames</a>
<div class='stack-trace' id='stack-trace693434027'><pre>org.openqa.selenium.WebDriverException: unknown error: cannot determine loading status
from no such window
  (Session info: chrome=112.0.5615.138)
Build info: version: &apos;4.8.2&apos;, revision: &apos;826dbfc730&apos;
System info: os.name: &apos;Windows 10&apos;, os.arch: &apos;amd64&apos;, os.version: &apos;10.0&apos;, java.version: &apos;11.0.17&apos;
Driver info: org.openqa.selenium.chrome.ChromeDriver
Command: [2a096c4e65149d0593440e62de15292e, clickElement {id=6759d66c-1d2b-4c91-b9b8-259ca0a8b5e8}]
Capabilities {acceptInsecureCerts: false, browserName: chrome, browserVersion: 112.0.5615.138, chrome: {chromedriverVersion: 112.0.5615.49 (bd2a7bcb881c..., userDataDir: C:\Users\TM317US\AppData\Lo...}, goog:chromeOptions: {debuggerAddress: localhost:62698}, networkConnectionEnabled: false, pageLoadStrategy: normal, platformName: WINDOWS, proxy: Proxy(), se:cdp: ws://localhost:62698/devtoo..., se:cdpVersion: 112.0.5615.138, setWindowRect: true, strictFileInteractability: false, timeouts: {implicit: 0, pageLoad: 300000, script: 30000}, unhandledPromptBehavior: dismiss and notify, webauthn:extension:credBlob: true, webauthn:extension:largeBlob: true, webauthn:extension:minPinLength: true, webauthn:extension:prf: true, webauthn:virtualAuthenticators: true}
Element: [[ChromeDriver: chrome on WINDOWS (2a096c4e65149d0593440e62de15292e)] -&gt; id: Login]
Session ID: 2a096c4e65149d0593440e62de15292e
	at java.base/jdk.internal.reflect.NativeConstructorAccessorImpl.newInstance0(Native Method)
	at java.base/jdk.internal.reflect.NativeConstructorAccessorImpl.newInstance(NativeConstructorAccessorImpl.java:62)
	at java.base/jdk.internal.reflect.DelegatingConstructorAccessorImpl.newInstance(DelegatingConstructorAccessorImpl.java:45)
	at java.base/java.lang.reflect.Constructor.newInstance(Constructor.java:490)
	at org.openqa.selenium.remote.codec.w3c.W3CHttpResponseCodec.createException(W3CHttpResponseCodec.java:200)
	at org.openqa.selenium.remote.codec.w3c.W3CHttpResponseCodec.decode(W3CHttpResponseCodec.java:133)
	at org.openqa.selenium.remote.codec.w3c.W3CHttpResponseCodec.decode(W3CHttpResponseCodec.java:53)
	at org.openqa.selenium.remote.HttpCommandExecutor.execute(HttpCommandExecutor.java:193)
	at org.openqa.selenium.remote.service.DriverCommandExecutor.invokeExecute(DriverCommandExecutor.java:183)
	at org.openqa.selenium.remote.service.DriverCommandExecutor.execute(DriverCommandExecutor.java:158)
	at org.openqa.selenium.remote.RemoteWebDriver.execute(RemoteWebDriver.java:543)
	at org.openqa.selenium.remote.RemoteWebElement.execute(RemoteWebElement.java:257)
	at org.openqa.selenium.remote.RemoteWebElement.click(RemoteWebElement.java:78)
	at stepDefinitionsmarathonfour.CreateIndisteps.click_login_button(CreateIndisteps.java:31)
	at ✽.Click LoginButton(file:///C:/Users/TM317US/OneDrive%20-%20EY/Desktop/NewWSpace/FinalMarathon/src/main/java/marathonfourFeatures/TC001_CreateIndividuals.feature:7)
</pre></div></td>
<td>11</td>
<td>testrunnermarathonfour.Testrunnerclassmarathofour@4c163e3</td></tr>
</table><p>
<table width='100%' border='1' class='invocation-passed'>
<tr><td colspan='4' align='center'><b>PASSED TESTS</b></td></tr>
<tr><td><b>Test method</b></td>
<td><b>Attribute(s)</b></td>
<td width="30%"><b>Exception</b></td>
<td width="10%"><b>Time (seconds)</b></td>
<td><b>Instance</b></td>
</tr>
<tr>
<td title='testrunnermarathonfour.Testrunnerclassmarathofour.runScenario()'><b>runScenario</b><br>Test class: testrunnermarathonfour.Testrunnerclassmarathofour<br>Test method: Runs Cucumber Scenarios<br>Parameters: "Creating New Individuals", "Create Individuals in Salesfore Application"</td>
<td></td>
<td>30</td>
<td>testrunnermarathonfour.Testrunnerclassmarathofour@4c163e3</td></tr>
<tr>
<td title='testrunnermarathonfour.Testrunnerclassmarathofour.runScenario()'><b>runScenario</b><br>Test class: testrunnermarathonfour.Testrunnerclassmarathofour<br>Test method: Runs Cucumber Scenarios<br>Parameters: "Editing the existing Individuals", "Edit Individuals in Salesfore Application"</td>
<td></td>
<td>50</td>
<td>testrunnermarathonfour.Testrunnerclassmarathofour@4c163e3</td></tr>
<tr>
<td title='testrunnermarathonfour.Testrunnerclassmarathofour.runScenario()'><b>runScenario</b><br>Test class: testrunnermarathonfour.Testrunnerclassmarathofour<br>Test method: Runs Cucumber Scenarios<br>Parameters: "Editing the existing Individuals", "Edit Individuals in Salesfore Application"</td>
<td></td>
<td>40</td>
<td>testrunnermarathonfour.Testrunnerclassmarathofour@4c163e3</td></tr>
<tr>
<td title='testrunnermarathonfour.Testrunnerclassmarathofour.runScenario()'><b>runScenario</b><br>Test class: testrunnermarathonfour.Testrunnerclassmarathofour<br>Test method: Runs Cucumber Scenarios<br>Parameters: "Deleting the existing Individuals", "Delete Individuals in Salesfore Application"</td>
<td></td>
<td>48</td>
<td>testrunnermarathonfour.Testrunnerclassmarathofour@4c163e3</td></tr>
</table><p>
</body>
</html>